<?xml version="1.0" encoding="UTF-8"?>
<testng-results ignored="0" total="1" passed="1" failed="0" skipped="0">
  <reporter-output>
  </reporter-output>
  <suite started-at="2023-09-22T16:53:17 IST" name="Default suite" finished-at="2023-09-22T16:54:16 IST" duration-ms="59068">
    <groups>
    </groups>
    <test started-at="2023-09-22T16:53:17 IST" name="Default test" finished-at="2023-09-22T16:54:16 IST" duration-ms="59068">
      <class name="TestCases.TestCases">
        <test-method is-config="true" signature="applicationUrl()[pri:0, instance:TestCases.TestCases@644baf4a]" started-at="2023-09-22T16:53:17 IST" name="applicationUrl" finished-at="2023-09-22T16:53:35 IST" duration-ms="17831" status="PASS">
          <reporter-output>
          </reporter-output>
        </test-method> <!-- applicationUrl -->
        <test-method signature="verifyAddEvent()[pri:0, instance:TestCases.TestCases@644baf4a]" started-at="2023-09-22T16:53:35 IST" name="verifyAddEvent" finished-at="2023-09-22T16:54:16 IST" duration-ms="41124" status="PASS">
          <reporter-output>
          </reporter-output>
        </test-method> <!-- verifyAddEvent -->
      </class> <!-- TestCases.TestCases -->
    </test> <!-- Default test -->
  </suite> <!-- Default suite -->
</testng-results>
